<?xml version="1.0" encoding="UTF-8"?>
<!-- Generated by org.testng.reporters.JUnitReportReporter -->
<testsuite skipped="0" hostname="puneetnaidu" name="demoBank.testCases.TC_LoginTest_001" tests="1" failures="0" timestamp="31 Jan 2020 06:38:16 GMT" time="38.375" errors="0">
  <testcase name="LoginTest" time="38.375" classname="demoBank.testCases.TC_LoginTest_001"/>
</testsuite> <!-- demoBank.testCases.TC_LoginTest_001 -->
